<?xml version="1.0" encoding="UTF-8"?>
<!-- Generated by org.testng.reporters.JUnitReportReporter -->
<testsuite hostname="DESKTOP-4OFACS7" failures="0" tests="10" name="Hybrid.logincrm" time="36.326" errors="0" timestamp="2022-05-23T16:48:21 IST" skipped="0">
  <testcase classname="Hybrid.logincrm" name="loginApp" time="4.692"/>
  <system-out/>
  <testcase classname="Hybrid.logincrm" name="signupapp" time="7.700"/>
  <system-out/>
  <testcase classname="Hybrid.logincrm" name="searchupapp" time="3.735"/>
  <system-out/>
  <testcase classname="Hybrid.logincrm" name="Bedapp" time="7.285"/>
  <system-out/>
  <testcase classname="Hybrid.logincrm" name="Bedappcart" time="5.514"/>
  <system-out/>
  <testcase classname="Hybrid.logincrm" name="assertionaa" time="2.236"/>
  <system-out/>
  <testcase classname="Hybrid.logincrm" name="tvappcart" time="1.759"/>
  <system-out/>
  <testcase classname="Hybrid.logincrm" name="studyapp" time="2.415"/>
  <system-out/>
  <testcase classname="Hybrid.logincrm" name="aboutapp" time="0.639"/>
  <system-out/>
  <testcase classname="Hybrid.logincrm" name="infoapp" time="0.351"/>
  <system-out/>
</testsuite> <!-- Hybrid.logincrm -->
